0 info it worked if it ends with ok
1 verbose cli [ '/usr/local/bin/node', '/usr/local/bin/npm', 'run', 'open:src' ]
2 info using npm@3.10.8
3 info using node@v7.0.0
4 verbose run-script [ 'preopen:src', 'open:src', 'postopen:src' ]
5 info lifecycle crypto-exchange-compare@1.0.0~preopen:src: crypto-exchange-compare@1.0.0
6 silly lifecycle crypto-exchange-compare@1.0.0~preopen:src: no script for preopen:src, continuing
7 info lifecycle crypto-exchange-compare@1.0.0~open:src: crypto-exchange-compare@1.0.0
8 verbose lifecycle crypto-exchange-compare@1.0.0~open:src: unsafe-perm in lifecycle true
9 verbose lifecycle crypto-exchange-compare@1.0.0~open:src: PATH: /usr/local/lib/node_modules/npm/bin/node-gyp-bin:/Users/damirdurmo/Documents/Projects/Crypto/crypto-exchange-compare/node_modules/.bin:/Users/damirdurmo/bin:/usr/local/bin:/usr/local/bin:/usr/bin:/bin:/usr/sbin:/sbin:/opt/X11/bin:/usr/local/git/bin:/Applications/Postgres.app/Contents/Versions/latest/bin:/usr/local/opt/android-sdk/tools:/usr/local/opt/android-sdk/platform-tools
10 verbose lifecycle crypto-exchange-compare@1.0.0~open:src: CWD: /Users/damirdurmo/Documents/Projects/Crypto/crypto-exchange-compare
11 silly lifecycle crypto-exchange-compare@1.0.0~open:src: Args: [ '-c', 'babel-node server/server.js --history-api-fallback' ]
12 silly lifecycle crypto-exchange-compare@1.0.0~open:src: Returned: code: 1  signal: null
13 info lifecycle crypto-exchange-compare@1.0.0~open:src: Failed to exec open:src script
14 verbose stack Error: crypto-exchange-compare@1.0.0 open:src: `babel-node server/server.js --history-api-fallback`
14 verbose stack Exit status 1
14 verbose stack     at EventEmitter.<anonymous> (/usr/local/lib/node_modules/npm/lib/utils/lifecycle.js:255:16)
14 verbose stack     at emitTwo (events.js:106:13)
14 verbose stack     at EventEmitter.emit (events.js:191:7)
14 verbose stack     at ChildProcess.<anonymous> (/usr/local/lib/node_modules/npm/lib/utils/spawn.js:40:14)
14 verbose stack     at emitTwo (events.js:106:13)
14 verbose stack     at ChildProcess.emit (events.js:191:7)
14 verbose stack     at maybeClose (internal/child_process.js:877:16)
14 verbose stack     at Process.ChildProcess._handle.onexit (internal/child_process.js:226:5)
15 verbose pkgid crypto-exchange-compare@1.0.0
16 verbose cwd /Users/damirdurmo/Documents/Projects/Crypto/crypto-exchange-compare
17 error Darwin 16.6.0
18 error argv "/usr/local/bin/node" "/usr/local/bin/npm" "run" "open:src"
19 error node v7.0.0
20 error npm  v3.10.8
21 error code ELIFECYCLE
22 error crypto-exchange-compare@1.0.0 open:src: `babel-node server/server.js --history-api-fallback`
22 error Exit status 1
23 error Failed at the crypto-exchange-compare@1.0.0 open:src script 'babel-node server/server.js --history-api-fallback'.
23 error Make sure you have the latest version of node.js and npm installed.
23 error If you do, this is most likely a problem with the crypto-exchange-compare package,
23 error not with npm itself.
23 error Tell the author that this fails on your system:
23 error     babel-node server/server.js --history-api-fallback
23 error You can get information on how to open an issue for this project with:
23 error     npm bugs crypto-exchange-compare
23 error Or if that isn't available, you can get their info via:
23 error     npm owner ls crypto-exchange-compare
23 error There is likely additional logging output above.
24 verbose exit [ 1, true ]
